<?xml version="1.0" encoding="UTF-8"?>
<testsuite name="Academy Choucair" tests="1" skipped="0" failures="0" errors="0" timestamp="2021-08-08T16:16:38" hostname="DESKTOP-Q6T1TN1" time="25.7">
  <properties/>
  <testcase name="Search for a automation course" classname="Academy Choucair" time="25.7"/>
  <system-out><![CDATA[Patrones de Automatización
]]></system-out>
  <system-err><![CDATA[[Test worker] WARN net.thucydides.core.steps.BaseStepListener - stepStarted: net.thucydides.core.steps.ExecutedStepDescription@36f12d11
[Test worker] WARN net.thucydides.core.steps.BaseStepListener - stepStarted: net.thucydides.core.steps.ExecutedStepDescription@2a95616
[Test worker] WARN net.thucydides.core.steps.BaseStepListener - stepStarted: net.thucydides.core.steps.ExecutedStepDescription@10960134
ago 08, 2021 11:16:40 AM org.openqa.selenium.remote.DesiredCapabilities chrome
INFORMACIÓN: Using `new ChromeOptions()` is preferred to `DesiredCapabilities.chrome()`
[Test worker] INFO net.serenitybdd.core.webdriver.driverproviders.ProvideNewDriver - Instantiating driver
[Test worker] INFO net.serenitybdd.core.webdriver.driverproviders.ProvideNewDriver - Driver capabilities: Capabilities {acceptInsecureCerts: false, browserName: chrome, chrome.switches: --start-maximized, goog:chromeOptions: {args: [--start-maximized], extensions: []}, loggingPrefs: org.openqa.selenium.logging..., platform: ANY, version: }
Starting ChromeDriver 92.0.4515.107 (87a818b10553a07434ea9e2b6dccf3cbe7895134-refs/branch-heads/4515@{#1634}) on port 24389
Only local connections are allowed.
Please see https://chromedriver.chromium.org/security-considerations for suggestions on keeping ChromeDriver safe.
ChromeDriver was started successfully.
ago 08, 2021 11:16:44 AM org.openqa.selenium.remote.ProtocolHandshake createSession
INFORMACIÓN: Detected dialect: W3C
[Test worker] WARN net.thucydides.core.steps.BaseStepListener - stepFinished: current outcome:Search for a automation course:Given than brandon wants to learn automation at the academy choucair. [Brandon open up [Brandon opens the Choucair academy page]]
[Test worker] WARN net.thucydides.core.steps.BaseStepListener - stepFinished: current outcome:Search for a automation course:Given than brandon wants to learn automation at the academy choucair. [Brandon open up [Brandon opens the Choucair academy page]]
[Test worker] WARN net.thucydides.core.steps.BaseStepListener - stepStarted: net.thucydides.core.steps.ExecutedStepDescription@c44fe60
[Test worker] WARN net.thucydides.core.steps.BaseStepListener - stepStarted: net.thucydides.core.steps.ExecutedStepDescription@74aedd93
[Test worker] WARN net.thucydides.core.steps.BaseStepListener - stepFinished: current outcome:Search for a automation course:Given than brandon wants to learn automation at the academy choucair. [Brandon open up [Brandon opens the Choucair academy page], Brandon login [Brandon clicks on Button that show usthe form to login]]
[Test worker] WARN net.thucydides.core.steps.BaseStepListener - stepStarted: net.thucydides.core.steps.ExecutedStepDescription@6a2efa78
[Test worker] WARN net.thucydides.core.steps.BaseStepListener - stepFinished: current outcome:Search for a automation course:Given than brandon wants to learn automation at the academy choucair. [Brandon open up [Brandon opens the Choucair academy page], Brandon login [Brandon clicks on Button that show usthe form to login, Brandon enters '1016072415' into Where do we write the user ]]
[Test worker] WARN net.thucydides.core.steps.BaseStepListener - stepStarted: net.thucydides.core.steps.ExecutedStepDescription@144a6146
[Test worker] WARN net.thucydides.core.steps.BaseStepListener - stepFinished: current outcome:Search for a automation course:Given than brandon wants to learn automation at the academy choucair. [Brandon open up [Brandon opens the Choucair academy page], Brandon login [Brandon clicks on Button that show usthe form to login, Brandon enters '1016072415' into Where do we write the user , Brandon enters 'Choucair2021*' into Where do we write the password ]]
[Test worker] WARN net.thucydides.core.steps.BaseStepListener - stepStarted: net.thucydides.core.steps.ExecutedStepDescription@43afcf91
[Test worker] WARN net.thucydides.core.steps.BaseStepListener - stepFinished: current outcome:Search for a automation course:Given than brandon wants to learn automation at the academy choucair. [Brandon open up [Brandon opens the Choucair academy page], Brandon login [Brandon clicks on Button that show usthe form to login, Brandon enters '1016072415' into Where do we write the user , Brandon enters 'Choucair2021*' into Where do we write the password , Brandon clicks on Button to confirm login ]]
[Test worker] WARN net.thucydides.core.steps.BaseStepListener - stepFinished: current outcome:Search for a automation course:Given than brandon wants to learn automation at the academy choucair. [Brandon open up [Brandon opens the Choucair academy page], Brandon login [Brandon clicks on Button that show usthe form to login, Brandon enters '1016072415' into Where do we write the user , Brandon enters 'Choucair2021*' into Where do we write the password , Brandon clicks on Button to confirm login ]]
[Test worker] WARN net.thucydides.core.steps.BaseStepListener - stepFinished: current outcome:Search for a automation course:Given than brandon wants to learn automation at the academy choucair. [Brandon open up [Brandon opens the Choucair academy page], Brandon login [Brandon clicks on Button that show usthe form to login, Brandon enters '1016072415' into Where do we write the user , Brandon enters 'Choucair2021*' into Where do we write the password , Brandon clicks on Button to confirm login ]]
[Test worker] WARN net.thucydides.core.steps.BaseStepListener - stepStarted: net.thucydides.core.steps.ExecutedStepDescription@5f56afe9
[Test worker] WARN net.thucydides.core.steps.BaseStepListener - stepStarted: net.thucydides.core.steps.ExecutedStepDescription@10d7949e
[Test worker] WARN net.thucydides.core.steps.BaseStepListener - stepStarted: net.thucydides.core.steps.ExecutedStepDescription@2a9a4e8f
[Test worker] WARN net.thucydides.core.steps.BaseStepListener - stepFinished: current outcome:Search for a automation course:Given than brandon wants to learn automation at the academy choucair. [Brandon open up [Brandon opens the Choucair academy page], Brandon login [Brandon clicks on Button that show usthe form to login, Brandon enters '1016072415' into Where do we write the user , Brandon enters 'Choucair2021*' into Where do we write the password , Brandon clicks on Button to confirm login ]], When he search for the course Recursos Automatizacion Bancolombia on the choucair academy platform. [Brandon search [Brandon clicks on Click en el boton universidad choucair]]
[Test worker] WARN net.thucydides.core.steps.BaseStepListener - stepStarted: net.thucydides.core.steps.ExecutedStepDescription@7ffbe0af
[Test worker] WARN net.thucydides.core.steps.BaseStepListener - stepFinished: current outcome:Search for a automation course:Given than brandon wants to learn automation at the academy choucair. [Brandon open up [Brandon opens the Choucair academy page], Brandon login [Brandon clicks on Button that show usthe form to login, Brandon enters '1016072415' into Where do we write the user , Brandon enters 'Choucair2021*' into Where do we write the password , Brandon clicks on Button to confirm login ]], When he search for the course Recursos Automatizacion Bancolombia on the choucair academy platform. [Brandon search [Brandon clicks on Click en el boton universidad choucair, Brandon enters 'Automatizacion Bancolombia' into Buscar el curso ]]
[Test worker] WARN net.thucydides.core.steps.BaseStepListener - stepStarted: net.thucydides.core.steps.ExecutedStepDescription@33885de6
[Test worker] WARN net.thucydides.core.steps.BaseStepListener - stepFinished: current outcome:Search for a automation course:Given than brandon wants to learn automation at the academy choucair. [Brandon open up [Brandon opens the Choucair academy page], Brandon login [Brandon clicks on Button that show usthe form to login, Brandon enters '1016072415' into Where do we write the user , Brandon enters 'Choucair2021*' into Where do we write the password , Brandon clicks on Button to confirm login ]], When he search for the course Recursos Automatizacion Bancolombia on the choucair academy platform. [Brandon search [Brandon clicks on Click en el boton universidad choucair, Brandon enters 'Automatizacion Bancolombia' into Buscar el curso , Brandon clicks on Click en el boton para buscar el curso ]]
[Test worker] WARN net.thucydides.core.steps.BaseStepListener - stepStarted: net.thucydides.core.steps.ExecutedStepDescription@af1e76d
[Test worker] WARN net.thucydides.core.steps.BaseStepListener - stepFinished: current outcome:Search for a automation course:Given than brandon wants to learn automation at the academy choucair. [Brandon open up [Brandon opens the Choucair academy page], Brandon login [Brandon clicks on Button that show usthe form to login, Brandon enters '1016072415' into Where do we write the user , Brandon enters 'Choucair2021*' into Where do we write the password , Brandon clicks on Button to confirm login ]], When he search for the course Recursos Automatizacion Bancolombia on the choucair academy platform. [Brandon search [Brandon clicks on Click en el boton universidad choucair, Brandon enters 'Automatizacion Bancolombia' into Buscar el curso , Brandon clicks on Click en el boton para buscar el curso , Brandon clicks on Hacer click para seleccionar elcurso ]]
[Test worker] WARN net.thucydides.core.steps.BaseStepListener - stepFinished: current outcome:Search for a automation course:Given than brandon wants to learn automation at the academy choucair. [Brandon open up [Brandon opens the Choucair academy page], Brandon login [Brandon clicks on Button that show usthe form to login, Brandon enters '1016072415' into Where do we write the user , Brandon enters 'Choucair2021*' into Where do we write the password , Brandon clicks on Button to confirm login ]], When he search for the course Recursos Automatizacion Bancolombia on the choucair academy platform. [Brandon search [Brandon clicks on Click en el boton universidad choucair, Brandon enters 'Automatizacion Bancolombia' into Buscar el curso , Brandon clicks on Click en el boton para buscar el curso , Brandon clicks on Hacer click para seleccionar elcurso ]]
[Test worker] WARN net.thucydides.core.steps.BaseStepListener - stepFinished: current outcome:Search for a automation course:Given than brandon wants to learn automation at the academy choucair. [Brandon open up [Brandon opens the Choucair academy page], Brandon login [Brandon clicks on Button that show usthe form to login, Brandon enters '1016072415' into Where do we write the user , Brandon enters 'Choucair2021*' into Where do we write the password , Brandon clicks on Button to confirm login ]], When he search for the course Recursos Automatizacion Bancolombia on the choucair academy platform. [Brandon search [Brandon clicks on Click en el boton universidad choucair, Brandon enters 'Automatizacion Bancolombia' into Buscar el curso , Brandon clicks on Click en el boton para buscar el curso , Brandon clicks on Hacer click para seleccionar elcurso ]]
[Test worker] WARN net.thucydides.core.steps.BaseStepListener - stepStarted: net.thucydides.core.steps.ExecutedStepDescription@5ca29a09
[Test worker] WARN net.thucydides.core.steps.BaseStepListener - stepStarted: net.thucydides.core.steps.ExecutedStepDescription@5f977b86
[Test worker] WARN net.thucydides.core.steps.BaseStepListener - stepFinished: current outcome:Search for a automation course:Given than brandon wants to learn automation at the academy choucair. [Brandon open up [Brandon opens the Choucair academy page], Brandon login [Brandon clicks on Button that show usthe form to login, Brandon enters '1016072415' into Where do we write the user , Brandon enters 'Choucair2021*' into Where do we write the password , Brandon clicks on Button to confirm login ]], When he search for the course Recursos Automatizacion Bancolombia on the choucair academy platform. [Brandon search [Brandon clicks on Click en el boton universidad choucair, Brandon enters 'Automatizacion Bancolombia' into Buscar el curso , Brandon clicks on Click en el boton para buscar el curso , Brandon clicks on Hacer click para seleccionar elcurso ]], Then he finds the course called resources Patrones de Automatización [Then answer]
[Test worker] WARN net.thucydides.core.steps.BaseStepListener - stepFinished: current outcome:Search for a automation course:Given than brandon wants to learn automation at the academy choucair. [Brandon open up [Brandon opens the Choucair academy page], Brandon login [Brandon clicks on Button that show usthe form to login, Brandon enters '1016072415' into Where do we write the user , Brandon enters 'Choucair2021*' into Where do we write the password , Brandon clicks on Button to confirm login ]], When he search for the course Recursos Automatizacion Bancolombia on the choucair academy platform. [Brandon search [Brandon clicks on Click en el boton universidad choucair, Brandon enters 'Automatizacion Bancolombia' into Buscar el curso , Brandon clicks on Click en el boton para buscar el curso , Brandon clicks on Hacer click para seleccionar elcurso ]], Then he finds the course called resources Patrones de Automatización [Then answer]
[Test worker] WARN net.thucydides.core.steps.BaseStepListener - testFinished: Search for a automation course:Given than brandon wants to learn automation at the academy choucair. [Brandon open up [Brandon opens the Choucair academy page], Brandon login [Brandon clicks on Button that show usthe form to login, Brandon enters '1016072415' into Where do we write the user , Brandon enters 'Choucair2021*' into Where do we write the password , Brandon clicks on Button to confirm login ]], When he search for the course Recursos Automatizacion Bancolombia on the choucair academy platform. [Brandon search [Brandon clicks on Click en el boton universidad choucair, Brandon enters 'Automatizacion Bancolombia' into Buscar el curso , Brandon clicks on Click en el boton para buscar el curso , Brandon clicks on Hacer click para seleccionar elcurso ]], Then he finds the course called resources Patrones de Automatización [Then answer]
[Test worker] WARN net.thucydides.core.steps.BaseStepListener - TestOutcomes: [Search for a automation course:Given than brandon wants to learn automation at the academy choucair. [Brandon open up [Brandon opens the Choucair academy page], Brandon login [Brandon clicks on Button that show usthe form to login, Brandon enters '1016072415' into Where do we write the user , Brandon enters 'Choucair2021*' into Where do we write the password , Brandon clicks on Button to confirm login ]], When he search for the course Recursos Automatizacion Bancolombia on the choucair academy platform. [Brandon search [Brandon clicks on Click en el boton universidad choucair, Brandon enters 'Automatizacion Bancolombia' into Buscar el curso , Brandon clicks on Click en el boton para buscar el curso , Brandon clicks on Hacer click para seleccionar elcurso ]], Then he finds the course called resources Patrones de Automatización [Then answer]]
[Test worker] WARN net.thucydides.core.steps.BaseStepListener - Final testOutcomes: [Search for a automation course:Given than brandon wants to learn automation at the academy choucair. [Brandon open up [Brandon opens the Choucair academy page], Brandon login [Brandon clicks on Button that show usthe form to login, Brandon enters '1016072415' into Where do we write the user , Brandon enters 'Choucair2021*' into Where do we write the password , Brandon clicks on Button to confirm login ]], When he search for the course Recursos Automatizacion Bancolombia on the choucair academy platform. [Brandon search [Brandon clicks on Click en el boton universidad choucair, Brandon enters 'Automatizacion Bancolombia' into Buscar el curso , Brandon clicks on Click en el boton para buscar el curso , Brandon clicks on Hacer click para seleccionar elcurso ]], Then he finds the course called resources Patrones de Automatización [Then answer]]
[Test worker] INFO net.thucydides.core.steps.ConsoleLoggingListener - 
        __    _____ _____ ____ _____   ____   _    ____  ____  _____ ____  
  _     \ \  |_   _| ____/ ___|_   _| |  _ \ / \  / ___|/ ___|| ____|  _ \ 
 (_)_____| |   | | |  _| \___ \ | |   | |_) / _ \ \___ \\___ \|  _| | | | |
  _|_____| |   | | | |___ ___) || |   |  __/ ___ \ ___) |___) | |___| |_| |
 (_)     | |   |_| |_____|____/ |_|   |_| /_/   \_\____/|____/|_____|____/ 
        /_/                                                                

TEST PASSED: Search for a automation course
----------------------------------------------------------------------------
]]></system-err>
</testsuite>
