<?xml version="1.0" encoding="UTF-8"?>
<testsuite name="Academy Choucair" tests="1" skipped="0" failures="0" errors="0" timestamp="2021-08-11T04:21:00" hostname="DESKTOP-Q6T1TN1" time="28.897">
  <properties/>
  <testcase name="Search for a automation course" classname="Academy Choucair" time="28.897"/>
  <system-out><![CDATA[]]></system-out>
  <system-err><![CDATA[[Test worker] WARN net.thucydides.core.steps.BaseStepListener - stepStarted: net.thucydides.core.steps.ExecutedStepDescription@4b6b72b
[Test worker] WARN net.thucydides.core.steps.BaseStepListener - stepStarted: net.thucydides.core.steps.ExecutedStepDescription@100267a6
[Test worker] WARN net.thucydides.core.steps.BaseStepListener - stepStarted: net.thucydides.core.steps.ExecutedStepDescription@55727f6f
ago 10, 2021 11:21:01 PM org.openqa.selenium.remote.DesiredCapabilities chrome
INFORMACIÓN: Using `new ChromeOptions()` is preferred to `DesiredCapabilities.chrome()`
[Test worker] INFO net.serenitybdd.core.webdriver.driverproviders.ProvideNewDriver - Instantiating driver
[Test worker] INFO net.serenitybdd.core.webdriver.driverproviders.ProvideNewDriver - Driver capabilities: Capabilities {acceptInsecureCerts: false, browserName: chrome, chrome.switches: --start-maximized, goog:chromeOptions: {args: [--start-maximized], extensions: []}, loggingPrefs: org.openqa.selenium.logging..., platform: ANY, version: }
Starting ChromeDriver 92.0.4515.107 (87a818b10553a07434ea9e2b6dccf3cbe7895134-refs/branch-heads/4515@{#1634}) on port 35646
Only local connections are allowed.
Please see https://chromedriver.chromium.org/security-considerations for suggestions on keeping ChromeDriver safe.
ChromeDriver was started successfully.
ago 10, 2021 11:21:06 PM org.openqa.selenium.remote.ProtocolHandshake createSession
INFORMACIÓN: Detected dialect: W3C
[Test worker] WARN net.thucydides.core.steps.BaseStepListener - stepFinished: current outcome:Search for a automation course:Given than brandon wants to learn automation at the academy choucair.
| strUser | strPassword |
| 1016072415 | Choucair2021* | [Brandon open up [Brandon opens the Choucair academy page]]
[Test worker] WARN net.thucydides.core.steps.BaseStepListener - stepFinished: current outcome:Search for a automation course:Given than brandon wants to learn automation at the academy choucair.
| strUser | strPassword |
| 1016072415 | Choucair2021* | [Brandon open up [Brandon opens the Choucair academy page]]
[Test worker] WARN net.thucydides.core.steps.BaseStepListener - stepStarted: net.thucydides.core.steps.ExecutedStepDescription@1a6516e4
[Test worker] WARN net.thucydides.core.steps.BaseStepListener - stepStarted: net.thucydides.core.steps.ExecutedStepDescription@f583773
[Test worker] WARN net.thucydides.core.steps.BaseStepListener - stepFinished: current outcome:Search for a automation course:Given than brandon wants to learn automation at the academy choucair.
| strUser | strPassword |
| 1016072415 | Choucair2021* | [Brandon open up [Brandon opens the Choucair academy page], Brandon login [Brandon clicks on Button that show usthe form to login]]
[Test worker] WARN net.thucydides.core.steps.BaseStepListener - stepStarted: net.thucydides.core.steps.ExecutedStepDescription@27e7008c
[Test worker] WARN net.thucydides.core.steps.BaseStepListener - stepFinished: current outcome:Search for a automation course:Given than brandon wants to learn automation at the academy choucair.
| strUser | strPassword |
| 1016072415 | Choucair2021* | [Brandon open up [Brandon opens the Choucair academy page], Brandon login [Brandon clicks on Button that show usthe form to login, Brandon enters '1016072415' into Where do we write the user ]]
[Test worker] WARN net.thucydides.core.steps.BaseStepListener - stepStarted: net.thucydides.core.steps.ExecutedStepDescription@34feb560
[Test worker] WARN net.thucydides.core.steps.BaseStepListener - stepFinished: current outcome:Search for a automation course:Given than brandon wants to learn automation at the academy choucair.
| strUser | strPassword |
| 1016072415 | Choucair2021* | [Brandon open up [Brandon opens the Choucair academy page], Brandon login [Brandon clicks on Button that show usthe form to login, Brandon enters '1016072415' into Where do we write the user , Brandon enters 'Choucair2021*' into Where do we write the password ]]
[Test worker] WARN net.thucydides.core.steps.BaseStepListener - stepStarted: net.thucydides.core.steps.ExecutedStepDescription@17815db2
[Test worker] WARN net.thucydides.core.steps.BaseStepListener - stepFinished: current outcome:Search for a automation course:Given than brandon wants to learn automation at the academy choucair.
| strUser | strPassword |
| 1016072415 | Choucair2021* | [Brandon open up [Brandon opens the Choucair academy page], Brandon login [Brandon clicks on Button that show usthe form to login, Brandon enters '1016072415' into Where do we write the user , Brandon enters 'Choucair2021*' into Where do we write the password , Brandon clicks on Button to confirm login ]]
[Test worker] WARN net.thucydides.core.steps.BaseStepListener - stepFinished: current outcome:Search for a automation course:Given than brandon wants to learn automation at the academy choucair.
| strUser | strPassword |
| 1016072415 | Choucair2021* | [Brandon open up [Brandon opens the Choucair academy page], Brandon login [Brandon clicks on Button that show usthe form to login, Brandon enters '1016072415' into Where do we write the user , Brandon enters 'Choucair2021*' into Where do we write the password , Brandon clicks on Button to confirm login ]]
[Test worker] WARN net.thucydides.core.steps.BaseStepListener - stepFinished: current outcome:Search for a automation course:Given than brandon wants to learn automation at the academy choucair.
| strUser | strPassword |
| 1016072415 | Choucair2021* | [Brandon open up [Brandon opens the Choucair academy page], Brandon login [Brandon clicks on Button that show usthe form to login, Brandon enters '1016072415' into Where do we write the user , Brandon enters 'Choucair2021*' into Where do we write the password , Brandon clicks on Button to confirm login ]]
[Test worker] WARN net.thucydides.core.steps.BaseStepListener - stepStarted: net.thucydides.core.steps.ExecutedStepDescription@75c2de18
[Test worker] WARN net.thucydides.core.steps.BaseStepListener - stepStarted: net.thucydides.core.steps.ExecutedStepDescription@45d11fa9
[Test worker] WARN net.thucydides.core.steps.BaseStepListener - stepStarted: net.thucydides.core.steps.ExecutedStepDescription@371da1ec
[Test worker] WARN net.thucydides.core.steps.BaseStepListener - stepFinished: current outcome:Search for a automation course:Given than brandon wants to learn automation at the academy choucair.
| strUser | strPassword |
| 1016072415 | Choucair2021* | [Brandon open up [Brandon opens the Choucair academy page], Brandon login [Brandon clicks on Button that show usthe form to login, Brandon enters '1016072415' into Where do we write the user , Brandon enters 'Choucair2021*' into Where do we write the password , Brandon clicks on Button to confirm login ]], When he search for the course on the choucair academy platform.
| strCourse |
| Patrones de Automatización | [Brandon search [Brandon clicks on Select the img in  choucair page]]
[Test worker] WARN net.thucydides.core.steps.BaseStepListener - stepStarted: net.thucydides.core.steps.ExecutedStepDescription@62763a92
[Test worker] WARN net.thucydides.core.steps.BaseStepListener - stepFinished: current outcome:Search for a automation course:Given than brandon wants to learn automation at the academy choucair.
| strUser | strPassword |
| 1016072415 | Choucair2021* | [Brandon open up [Brandon opens the Choucair academy page], Brandon login [Brandon clicks on Button that show usthe form to login, Brandon enters '1016072415' into Where do we write the user , Brandon enters 'Choucair2021*' into Where do we write the password , Brandon clicks on Button to confirm login ]], When he search for the course on the choucair academy platform.
| strCourse |
| Patrones de Automatización | [Brandon search [Brandon clicks on Select the img in  choucair page, Brandon enters 'Automatizacion Bancolombia' into Search the course ]]
[Test worker] WARN net.thucydides.core.steps.BaseStepListener - stepStarted: net.thucydides.core.steps.ExecutedStepDescription@79cc80df
[Test worker] WARN net.thucydides.core.steps.BaseStepListener - stepFinished: current outcome:Search for a automation course:Given than brandon wants to learn automation at the academy choucair.
| strUser | strPassword |
| 1016072415 | Choucair2021* | [Brandon open up [Brandon opens the Choucair academy page], Brandon login [Brandon clicks on Button that show usthe form to login, Brandon enters '1016072415' into Where do we write the user , Brandon enters 'Choucair2021*' into Where do we write the password , Brandon clicks on Button to confirm login ]], When he search for the course on the choucair academy platform.
| strCourse |
| Patrones de Automatización | [Brandon search [Brandon clicks on Select the img in  choucair page, Brandon enters 'Automatizacion Bancolombia' into Search the course , Brandon clicks on Button by search the course]]
[Test worker] WARN net.thucydides.core.steps.BaseStepListener - stepStarted: net.thucydides.core.steps.ExecutedStepDescription@26565e20
[Test worker] WARN net.thucydides.core.steps.BaseStepListener - stepFinished: current outcome:Search for a automation course:Given than brandon wants to learn automation at the academy choucair.
| strUser | strPassword |
| 1016072415 | Choucair2021* | [Brandon open up [Brandon opens the Choucair academy page], Brandon login [Brandon clicks on Button that show usthe form to login, Brandon enters '1016072415' into Where do we write the user , Brandon enters 'Choucair2021*' into Where do we write the password , Brandon clicks on Button to confirm login ]], When he search for the course on the choucair academy platform.
| strCourse |
| Patrones de Automatización | [Brandon search [Brandon clicks on Select the img in  choucair page, Brandon enters 'Automatizacion Bancolombia' into Search the course , Brandon clicks on Button by search the course, Brandon clicks on Button by select thecourse ]]
[Test worker] WARN net.thucydides.core.steps.BaseStepListener - stepFinished: current outcome:Search for a automation course:Given than brandon wants to learn automation at the academy choucair.
| strUser | strPassword |
| 1016072415 | Choucair2021* | [Brandon open up [Brandon opens the Choucair academy page], Brandon login [Brandon clicks on Button that show usthe form to login, Brandon enters '1016072415' into Where do we write the user , Brandon enters 'Choucair2021*' into Where do we write the password , Brandon clicks on Button to confirm login ]], When he search for the course on the choucair academy platform.
| strCourse |
| Patrones de Automatización | [Brandon search [Brandon clicks on Select the img in  choucair page, Brandon enters 'Automatizacion Bancolombia' into Search the course , Brandon clicks on Button by search the course, Brandon clicks on Button by select thecourse ]]
[Test worker] WARN net.thucydides.core.steps.BaseStepListener - stepFinished: current outcome:Search for a automation course:Given than brandon wants to learn automation at the academy choucair.
| strUser | strPassword |
| 1016072415 | Choucair2021* | [Brandon open up [Brandon opens the Choucair academy page], Brandon login [Brandon clicks on Button that show usthe form to login, Brandon enters '1016072415' into Where do we write the user , Brandon enters 'Choucair2021*' into Where do we write the password , Brandon clicks on Button to confirm login ]], When he search for the course on the choucair academy platform.
| strCourse |
| Patrones de Automatización | [Brandon search [Brandon clicks on Select the img in  choucair page, Brandon enters 'Automatizacion Bancolombia' into Search the course , Brandon clicks on Button by search the course, Brandon clicks on Button by select thecourse ]]
[Test worker] WARN net.thucydides.core.steps.BaseStepListener - stepStarted: net.thucydides.core.steps.ExecutedStepDescription@1fb85f82
[Test worker] WARN net.thucydides.core.steps.BaseStepListener - stepStarted: net.thucydides.core.steps.ExecutedStepDescription@1914b612
[Test worker] WARN net.thucydides.core.steps.BaseStepListener - stepFinished: current outcome:Search for a automation course:Given than brandon wants to learn automation at the academy choucair.
| strUser | strPassword |
| 1016072415 | Choucair2021* | [Brandon open up [Brandon opens the Choucair academy page], Brandon login [Brandon clicks on Button that show usthe form to login, Brandon enters '1016072415' into Where do we write the user , Brandon enters 'Choucair2021*' into Where do we write the password , Brandon clicks on Button to confirm login ]], When he search for the course on the choucair academy platform.
| strCourse |
| Patrones de Automatización | [Brandon search [Brandon clicks on Select the img in  choucair page, Brandon enters 'Automatizacion Bancolombia' into Search the course , Brandon clicks on Button by search the course, Brandon clicks on Button by select thecourse ]], Then he finds the course called
| strCourse |
| Patrones de Automatización | [Then answer]
[Test worker] WARN net.thucydides.core.steps.BaseStepListener - stepFinished: current outcome:Search for a automation course:Given than brandon wants to learn automation at the academy choucair.
| strUser | strPassword |
| 1016072415 | Choucair2021* | [Brandon open up [Brandon opens the Choucair academy page], Brandon login [Brandon clicks on Button that show usthe form to login, Brandon enters '1016072415' into Where do we write the user , Brandon enters 'Choucair2021*' into Where do we write the password , Brandon clicks on Button to confirm login ]], When he search for the course on the choucair academy platform.
| strCourse |
| Patrones de Automatización | [Brandon search [Brandon clicks on Select the img in  choucair page, Brandon enters 'Automatizacion Bancolombia' into Search the course , Brandon clicks on Button by search the course, Brandon clicks on Button by select thecourse ]], Then he finds the course called
| strCourse |
| Patrones de Automatización | [Then answer]
[Test worker] WARN net.thucydides.core.steps.BaseStepListener - testFinished: Search for a automation course:Given than brandon wants to learn automation at the academy choucair.
| strUser | strPassword |
| 1016072415 | Choucair2021* | [Brandon open up [Brandon opens the Choucair academy page], Brandon login [Brandon clicks on Button that show usthe form to login, Brandon enters '1016072415' into Where do we write the user , Brandon enters 'Choucair2021*' into Where do we write the password , Brandon clicks on Button to confirm login ]], When he search for the course on the choucair academy platform.
| strCourse |
| Patrones de Automatización | [Brandon search [Brandon clicks on Select the img in  choucair page, Brandon enters 'Automatizacion Bancolombia' into Search the course , Brandon clicks on Button by search the course, Brandon clicks on Button by select thecourse ]], Then he finds the course called
| strCourse |
| Patrones de Automatización | [Then answer]
[Test worker] WARN net.thucydides.core.steps.BaseStepListener - TestOutcomes: [Search for a automation course:Given than brandon wants to learn automation at the academy choucair.
| strUser | strPassword |
| 1016072415 | Choucair2021* | [Brandon open up [Brandon opens the Choucair academy page], Brandon login [Brandon clicks on Button that show usthe form to login, Brandon enters '1016072415' into Where do we write the user , Brandon enters 'Choucair2021*' into Where do we write the password , Brandon clicks on Button to confirm login ]], When he search for the course on the choucair academy platform.
| strCourse |
| Patrones de Automatización | [Brandon search [Brandon clicks on Select the img in  choucair page, Brandon enters 'Automatizacion Bancolombia' into Search the course , Brandon clicks on Button by search the course, Brandon clicks on Button by select thecourse ]], Then he finds the course called
| strCourse |
| Patrones de Automatización | [Then answer]]
[Test worker] WARN net.thucydides.core.steps.BaseStepListener - Final testOutcomes: [Search for a automation course:Given than brandon wants to learn automation at the academy choucair.
| strUser | strPassword |
| 1016072415 | Choucair2021* | [Brandon open up [Brandon opens the Choucair academy page], Brandon login [Brandon clicks on Button that show usthe form to login, Brandon enters '1016072415' into Where do we write the user , Brandon enters 'Choucair2021*' into Where do we write the password , Brandon clicks on Button to confirm login ]], When he search for the course on the choucair academy platform.
| strCourse |
| Patrones de Automatización | [Brandon search [Brandon clicks on Select the img in  choucair page, Brandon enters 'Automatizacion Bancolombia' into Search the course , Brandon clicks on Button by search the course, Brandon clicks on Button by select thecourse ]], Then he finds the course called
| strCourse |
| Patrones de Automatización | [Then answer]]
[Test worker] INFO net.thucydides.core.steps.ConsoleLoggingListener - 
        __    _____ _____ ____ _____   ____   _    ____  ____  _____ ____  
  _     \ \  |_   _| ____/ ___|_   _| |  _ \ / \  / ___|/ ___|| ____|  _ \ 
 (_)_____| |   | | |  _| \___ \ | |   | |_) / _ \ \___ \\___ \|  _| | | | |
  _|_____| |   | | | |___ ___) || |   |  __/ ___ \ ___) |___) | |___| |_| |
 (_)     | |   |_| |_____|____/ |_|   |_| /_/   \_\____/|____/|_____|____/ 
        /_/                                                                

TEST PASSED: Search for a automation course
----------------------------------------------------------------------------
]]></system-err>
</testsuite>
